\BOOKMARK [1][-]{section.1}{Introduction}{}% 1
\BOOKMARK [2][-]{subsection.1.1}{Key dates}{section.1}% 2
\BOOKMARK [2][-]{subsection.1.2}{Course Tutors}{section.1}% 3
\BOOKMARK [2][-]{subsection.1.3}{Study goals}{section.1}% 4
\BOOKMARK [1][-]{section.2}{Lesson <<number>>: <<Lesson topic>>}{}% 5
\BOOKMARK [2][-]{subsection.2.1}{Reflection on the days lecture and tutorial}{section.2}% 6
\BOOKMARK [2][-]{subsection.2.2}{Reflection Topics}{section.2}% 7
\BOOKMARK [3][-]{subsubsection.2.2.1}{Provided topic 1}{subsection.2.2}% 8
\BOOKMARK [3][-]{subsubsection.2.2.2}{Provided topic 2}{subsection.2.2}% 9
\BOOKMARK [2][-]{subsection.2.3}{Key Take-Away}{section.2}% 10
\BOOKMARK [2][-]{subsection.2.4}{Lessons Learned}{section.2}% 11
\BOOKMARK [2][-]{subsection.2.5}{Action Points - Further Reading/Enquiry}{section.2}% 12
\BOOKMARK [2][-]{subsection.2.6}{Other source materials}{section.2}% 13
\BOOKMARK [2][-]{subsection.2.7}{Issues/Solutions Noted and Area of Improvements}{section.2}% 14
\BOOKMARK [1][-]{section.3}{Lesson <<number>>: <<Lesson topic>>}{}% 15
\BOOKMARK [2][-]{subsection.3.1}{Reflection on the days lecture and tutorial}{section.3}% 16
\BOOKMARK [2][-]{subsection.3.2}{Reflection Topics}{section.3}% 17
\BOOKMARK [3][-]{subsubsection.3.2.1}{Provided topic 1}{subsection.3.2}% 18
\BOOKMARK [3][-]{subsubsection.3.2.2}{Provided topic 2}{subsection.3.2}% 19
\BOOKMARK [2][-]{subsection.3.3}{Key Take-Away}{section.3}% 20
\BOOKMARK [2][-]{subsection.3.4}{Lessons Learned}{section.3}% 21
\BOOKMARK [2][-]{subsection.3.5}{Action Points - Further Reading/Enquiry}{section.3}% 22
\BOOKMARK [2][-]{subsection.3.6}{Other source materials}{section.3}% 23
\BOOKMARK [2][-]{subsection.3.7}{Issues/Solutions Noted and Area of Improvements}{section.3}% 24
\BOOKMARK [1][-]{section.4}{This is body\137section3 heading}{}% 25
\BOOKMARK [1][-]{section.5}{This is body\137section4 heading}{}% 26
\BOOKMARK [1][-]{section.6}{Lesson <<number>>: <<Lesson topic>>}{}% 27
\BOOKMARK [2][-]{subsection.6.1}{Reflection on the days lecture and tutorial}{section.6}% 28
\BOOKMARK [2][-]{subsection.6.2}{Reflection Topics}{section.6}% 29
\BOOKMARK [3][-]{subsubsection.6.2.1}{Provided topic 1}{subsection.6.2}% 30
\BOOKMARK [3][-]{subsubsection.6.2.2}{Provided topic 2}{subsection.6.2}% 31
\BOOKMARK [2][-]{subsection.6.3}{Key Take-Away}{section.6}% 32
\BOOKMARK [2][-]{subsection.6.4}{Lessons Learned}{section.6}% 33
\BOOKMARK [2][-]{subsection.6.5}{Action Points - Further Reading/Enquiry}{section.6}% 34
\BOOKMARK [2][-]{subsection.6.6}{Other source materials}{section.6}% 35
\BOOKMARK [2][-]{subsection.6.7}{Issues/Solutions Noted and Area of Improvements}{section.6}% 36
\BOOKMARK [1][-]{section.7}{Lesson <<number>>: <<Lesson topic>>}{}% 37
\BOOKMARK [2][-]{subsection.7.1}{Reflection on the days lecture and tutorial}{section.7}% 38
\BOOKMARK [2][-]{subsection.7.2}{Reflection Topics}{section.7}% 39
\BOOKMARK [3][-]{subsubsection.7.2.1}{Provided topic 1}{subsection.7.2}% 40
\BOOKMARK [3][-]{subsubsection.7.2.2}{Provided topic 2}{subsection.7.2}% 41
\BOOKMARK [2][-]{subsection.7.3}{Key Take-Away}{section.7}% 42
\BOOKMARK [2][-]{subsection.7.4}{Lessons Learned}{section.7}% 43
\BOOKMARK [2][-]{subsection.7.5}{Action Points - Further Reading/Enquiry}{section.7}% 44
\BOOKMARK [2][-]{subsection.7.6}{Other source materials}{section.7}% 45
\BOOKMARK [2][-]{subsection.7.7}{Issues/Solutions Noted and Area of Improvements}{section.7}% 46
\BOOKMARK [1][-]{section.8}{Lesson <<number>>: <<Lesson topic>>}{}% 47
\BOOKMARK [2][-]{subsection.8.1}{Reflection on the days lecture and tutorial}{section.8}% 48
\BOOKMARK [2][-]{subsection.8.2}{Reflection Topics}{section.8}% 49
\BOOKMARK [3][-]{subsubsection.8.2.1}{Provided topic 1}{subsection.8.2}% 50
\BOOKMARK [3][-]{subsubsection.8.2.2}{Provided topic 2}{subsection.8.2}% 51
\BOOKMARK [2][-]{subsection.8.3}{Key Take-Away}{section.8}% 52
\BOOKMARK [2][-]{subsection.8.4}{Lessons Learned}{section.8}% 53
\BOOKMARK [2][-]{subsection.8.5}{Action Points - Further Reading/Enquiry}{section.8}% 54
\BOOKMARK [2][-]{subsection.8.6}{Other source materials}{section.8}% 55
\BOOKMARK [2][-]{subsection.8.7}{Issues/Solutions Noted and Area of Improvements}{section.8}% 56
\BOOKMARK [1][-]{section.9}{Lesson <<number>>: <<Lesson topic>>}{}% 57
\BOOKMARK [2][-]{subsection.9.1}{Reflection on the days lecture and tutorial}{section.9}% 58
\BOOKMARK [2][-]{subsection.9.2}{Reflection Topics}{section.9}% 59
\BOOKMARK [3][-]{subsubsection.9.2.1}{Provided topic 1}{subsection.9.2}% 60
\BOOKMARK [3][-]{subsubsection.9.2.2}{Provided topic 2}{subsection.9.2}% 61
\BOOKMARK [2][-]{subsection.9.3}{Key Take-Away}{section.9}% 62
\BOOKMARK [2][-]{subsection.9.4}{Lessons Learned}{section.9}% 63
\BOOKMARK [2][-]{subsection.9.5}{Action Points - Further Reading/Enquiry}{section.9}% 64
\BOOKMARK [2][-]{subsection.9.6}{Other source materials}{section.9}% 65
\BOOKMARK [2][-]{subsection.9.7}{Issues/Solutions Noted and Area of Improvements}{section.9}% 66
\BOOKMARK [1][-]{section.10}{Lesson <<number>>: <<Lesson topic>>}{}% 67
\BOOKMARK [2][-]{subsection.10.1}{Reflection on the days lecture and tutorial}{section.10}% 68
\BOOKMARK [2][-]{subsection.10.2}{Reflection Topics}{section.10}% 69
\BOOKMARK [3][-]{subsubsection.10.2.1}{Provided topic 1}{subsection.10.2}% 70
\BOOKMARK [3][-]{subsubsection.10.2.2}{Provided topic 2}{subsection.10.2}% 71
\BOOKMARK [2][-]{subsection.10.3}{Key Take-Away}{section.10}% 72
\BOOKMARK [2][-]{subsection.10.4}{Lessons Learned}{section.10}% 73
\BOOKMARK [2][-]{subsection.10.5}{Action Points - Further Reading/Enquiry}{section.10}% 74
\BOOKMARK [2][-]{subsection.10.6}{Other source materials}{section.10}% 75
\BOOKMARK [2][-]{subsection.10.7}{Issues/Solutions Noted and Area of Improvements}{section.10}% 76
\BOOKMARK [1][-]{section.11}{Lesson <<number>>: <<Lesson topic>>}{}% 77
\BOOKMARK [2][-]{subsection.11.1}{Reflection on the days lecture and tutorial}{section.11}% 78
\BOOKMARK [2][-]{subsection.11.2}{Reflection Topics}{section.11}% 79
\BOOKMARK [3][-]{subsubsection.11.2.1}{Provided topic 1}{subsection.11.2}% 80
\BOOKMARK [3][-]{subsubsection.11.2.2}{Provided topic 2}{subsection.11.2}% 81
\BOOKMARK [2][-]{subsection.11.3}{Key Take-Away}{section.11}% 82
\BOOKMARK [2][-]{subsection.11.4}{Lessons Learned}{section.11}% 83
\BOOKMARK [2][-]{subsection.11.5}{Action Points - Further Reading/Enquiry}{section.11}% 84
\BOOKMARK [2][-]{subsection.11.6}{Other source materials}{section.11}% 85
\BOOKMARK [2][-]{subsection.11.7}{Issues/Solutions Noted and Area of Improvements}{section.11}% 86
\BOOKMARK [1][-]{section.12}{Conclusion}{}% 87
\BOOKMARK [1][-]{section.13}{Code snippet sample}{}% 88
\BOOKMARK [2][-]{subsection.13.1}{Stylized Code Typesetting Sample}{section.13}% 89
\BOOKMARK [1][-]{section.14}{TiKZ package}{}% 90
\BOOKMARK [2][-]{subsection.14.1}{TiKZ package - Graph and illustration Sample}{section.14}% 91
\BOOKMARK [2][-]{subsection.14.2}{TiKZ package - Drawing Sample}{section.14}% 92
\BOOKMARK [2][-]{subsection.14.3}{TiKZ package - Venn diagram Sample}{section.14}% 93
\BOOKMARK [1][-]{section.15}{PlantUML .png in LaTeX}{}% 94
\BOOKMARK [1][-]{section.16}{Custom Environments}{}% 95
\BOOKMARK [1][-]{section.17}{Image Positioning}{}% 96
\BOOKMARK [1][-]{section.18}{Bibliography and Citation Sample}{}% 97
\BOOKMARK [1][-]{appendix.A}{Appendix}{}% 98
\BOOKMARK [1][-]{appendix.B}{Bibliography}{}% 99
